[1115/215533.444:ERROR:process_reader_win.cc(242)] ReadMemory at 0xa9ff1f0000 of 64 bytes failed: Запрос ReadProcessMemory или WriteProcessMemory был выполнен только частично. (0x12B)
[1115/215533.572:WARNING:pe_image_reader.cc(302)] could not read dos header from C:\Windows\system32\MSCTF.dll
[1115/215533.572:ERROR:process_reader_win.cc(242)] ReadMemory at 0x7ff3cfa0000 of 64 bytes failed: Запрос ReadProcessMemory или WriteProcessMemory был выполнен только частично. (0x12B)
[1115/215533.573:WARNING:pe_image_reader.cc(302)] could not read dos header from C:\Windows\SYSTEM32\shcore.dll
[1115/215533.573:ERROR:process_reader_win.cc(242)] ReadMemory at 0x7ff202b0000 of 64 bytes failed: Запрос ReadProcessMemory или WriteProcessMemory был выполнен только частично. (0x12B)
[1115/215533.573:WARNING:pe_image_reader.cc(302)] could not read dos header from C:\Program Files (x86)\Google\Chrome\Application\70.0.3538.102\chrome_child.dll
[1115/215533.573:ERROR:process_reader_win.cc(242)] ReadMemory at 0x7ff3fc70000 of 64 bytes failed: Запрос ReadProcessMemory или WriteProcessMemory был выполнен только частично. (0x12B)
[1115/215533.573:WARNING:pe_image_reader.cc(302)] could not read dos header from C:\Windows\system32\WS2_32.dll
[1115/215533.573:ERROR:process_reader_win.cc(242)] ReadMemory at 0x7ff3b6a0000 of 64 bytes failed: Запрос ReadProcessMemory или WriteProcessMemory был выполнен только частично. (0x12B)
[1115/215533.573:WARNING:pe_image_reader.cc(302)] could not read dos header from C:\Windows\SYSTEM32\IPHLPAPI.DLL
[1115/215533.573:ERROR:process_reader_win.cc(242)] ReadMemory at 0x7ff3ffe0000 of 64 bytes failed: Запрос ReadProcessMemory или WriteProcessMemory был выполнен только частично. (0x12B)
[1115/215533.573:WARNING:pe_image_reader.cc(302)] could not read dos header from C:\Windows\system32\ole32.dll
[1115/215533.573:ERROR:process_reader_win.cc(242)] ReadMemory at 0x7ff29de0000 of 64 bytes failed: Запрос ReadProcessMemory или WriteProcessMemory был выполнен только частично. (0x12B)
[1115/215533.573:WARNING:pe_image_reader.cc(302)] could not read dos header from C:\Windows\SYSTEM32\msdmo.dll
[1115/215533.573:ERROR:process_reader_win.cc(242)] ReadMemory at 0x7ff3f710000 of 64 bytes failed: Запрос ReadProcessMemory или WriteProcessMemory был выполнен только частично. (0x12B)
[1115/215533.573:WARNING:pe_image_reader.cc(302)] could not read dos header from C:\Windows\system32\OLEAUT32.dll
[1115/215533.573:ERROR:process_reader_win.cc(242)] ReadMemory at 0x7ff3df30000 of 64 bytes failed: Запрос ReadProcessMemory или WriteProcessMemory был выполнен только частично. (0x12B)
[1115/215533.573:WARNING:pe_image_reader.cc(302)] could not read dos header from C:\Windows\system32\WINTRUST.dll
[1115/215533.573:ERROR:process_reader_win.cc(242)] ReadMemory at 0x7ff3ff30000 of 64 bytes failed: Запрос ReadProcessMemory или WriteProcessMemory был выполнен только частично. (0x12B)
[1115/215533.573:WARNING:pe_image_reader.cc(302)] could not read dos header from C:\Windows\system32\COMDLG32.dll
[1115/215533.573:ERROR:process_reader_win.cc(242)] ReadMemory at 0x7ff39b30000 of 64 bytes failed: Запрос ReadProcessMemory или WriteProcessMemory был выполнен только частично. (0x12B)
[1115/215533.573:WARNING:pe_image_reader.cc(302)] could not read dos header from C:\Windows\SYSTEM32\DWrite.dll
[1115/215533.573:ERROR:process_reader_win.cc(242)] ReadMemory at 0x7ff396f0000 of 64 bytes failed: Запрос ReadProcessMemory или WriteProcessMemory был выполнен только частично. (0x12B)
[1115/215533.573:WARNING:pe_image_reader.cc(302)] could not read dos header from C:\Windows\SYSTEM32\WINSPOOL.DRV
[1115/215533.574:ERROR:process_reader_win.cc(242)] ReadMemory at 0x7ff20140000 of 64 bytes failed: Запрос ReadProcessMemory или WriteProcessMemory был выполнен только частично. (0x12B)
[1115/215533.574:WARNING:pe_image_reader.cc(302)] could not read dos header from C:\Windows\SYSTEM32\dbghelp.dll
[1115/215533.574:ERROR:process_reader_win.cc(242)] ReadMemory at 0x7ff29dc0000 of 64 bytes failed: Запрос ReadProcessMemory или WriteProcessMemory был выполнен только частично. (0x12B)
[1115/215533.574:WARNING:pe_image_reader.cc(302)] could not read dos header from C:\Windows\SYSTEM32\USP10.dll
[1115/215533.574:ERROR:process_reader_win.cc(242)] ReadMemory at 0x7ff39080000 of 64 bytes failed: Запрос ReadProcessMemory или WriteProcessMemory был выполнен только частично. (0x12B)
[1115/215533.574:WARNING:pe_image_reader.cc(302)] could not read dos header from C:\Windows\SYSTEM32\dxgi.dll
[1115/215533.574:ERROR:process_reader_win.cc(242)] ReadMemory at 0x7ff3e170000 of 64 bytes failed: Запрос ReadProcessMemory или WriteProcessMemory был выполнен только частично. (0x12B)
[1115/215533.574:WARNING:pe_image_reader.cc(302)] could not read dos header from C:\Windows\system32\CRYPT32.dll
[1115/215533.574:ERROR:process_reader_win.cc(242)] ReadMemory at 0x7ff3fd20000 of 64 bytes failed: Запрос ReadProcessMemory или WriteProcessMemory был выполнен только частично. (0x12B)
[1115/215533.574:WARNING:pe_image_reader.cc(302)] could not read dos header from C:\Windows\system32\urlmon.dll
[1115/215533.574:ERROR:process_reader_win.cc(242)] ReadMemory at 0x7ff34ae0000 of 64 bytes failed: Запрос ReadProcessMemory или WriteProcessMemory был выполнен только частично. (0x12B)
[1115/215533.574:WARNING:pe_image_reader.cc(302)] could not read dos header from C:\Windows\SYSTEM32\Secur32.dll
[1115/215533.574:ERROR:process_reader_win.cc(242)] ReadMemory at 0x7ff362a0000 of 64 bytes failed: Запрос ReadProcessMemory или WriteProcessMemory был выполнен только частично. (0x12B)
[1115/215533.574:WARNING:pe_image_reader.cc(302)] could not read dos header from C:\Windows\SYSTEM32\WINHTTP.dll
[1115/215533.574:ERROR:process_reader_win.cc(242)] ReadMemory at 0x7ff3b640000 of 64 bytes failed: Запрос ReadProcessMemory или WriteProcessMemory был выполнен только частично. (0x12B)
[1115/215533.574:WARNING:pe_image_reader.cc(302)] could not read dos header from C:\Windows\SYSTEM32\dhcpcsvc.DLL
[1115/215533.574:ERROR:process_reader_win.cc(242)] ReadMemory at 0x7ff3e350000 of 64 bytes failed: Запрос ReadProcessMemory или WriteProcessMemory был выполнен только частично. (0x12B)
[1115/215533.574:WARNING:pe_image_reader.cc(302)] could not read dos header from C:\Windows\system32\NSI.dll
[1115/215533.574:ERROR:process_reader_win.cc(242)] ReadMemory at 0x7ff3b7d0000 of 64 bytes failed: Запрос ReadProcessMemory или WriteProcessMemory был выполнен только частично. (0x12B)
[1115/215533.574:WARNING:pe_image_reader.cc(302)] could not read dos header from C:\Windows\SYSTEM32\WINNSI.DLL
[1115/215533.574:ERROR:process_reader_win.cc(242)] ReadMemory at 0x7ff3dec0000 of 64 bytes failed: Запрос ReadProcessMemory или WriteProcessMemory был выполнен только частично. (0x12B)
[1115/215533.574:WARNING:pe_image_reader.cc(302)] could not read dos header from C:\Windows\system32\MSASN1.dll
[1115/215533.574:ERROR:process_reader_win.cc(242)] ReadMemory at 0x7ff3bdd0000 of 64 bytes failed: Запрос ReadProcessMemory или WriteProcessMemory был выполнен только частично. (0x12B)
[1115/215533.575:WARNING:pe_image_reader.cc(302)] could not read dos header from C:\Windows\WinSxS\amd64_microsoft.windows.common-controls_6595b64144ccf1df_6.0.9200.17359_none_4188b989718cf1c6\COMCTL32.dll
[1115/215533.575:ERROR:process_reader_win.cc(242)] ReadMemory at 0x7ff409a0000 of 64 bytes failed: Запрос ReadProcessMemory или WriteProcessMemory был выполнен только частично. (0x12B)
[1115/215533.575:WARNING:pe_image_reader.cc(302)] could not read dos header from C:\Windows\system32\iertutil.dll
[1115/215533.575:ERROR:process_reader_win.cc(242)] ReadMemory at 0x7ff3fa40000 of 64 bytes failed: Запрос ReadProcessMemory или WriteProcessMemory был выполнен только частично. (0x12B)
[1115/215533.575:WARNING:pe_image_reader.cc(302)] could not read dos header from C:\Windows\system32\WININET.dll
[1115/215533.575:ERROR:process_reader_win.cc(242)] ReadMemory at 0x7ff3db80000 of 64 bytes failed: Запрос ReadProcessMemory или WriteProcessMemory был выполнен только частично. (0x12B)
[1115/215533.575:WARNING:pe_image_reader.cc(302)] could not read dos header from C:\Windows\SYSTEM32\SSPICLI.DLL
[1115/215533.575:ERROR:process_reader_win.cc(242)] ReadMemory at 0x7ff3dc20000 of 64 bytes failed: Запрос ReadProcessMemory или WriteProcessMemory был выполнен только частично. (0x12B)
[1115/215533.575:WARNING:pe_image_reader.cc(302)] could not read dos header from C:\Windows\SYSTEM32\cryptbase.dll
[1115/215533.575:ERROR:process_reader_win.cc(242)] ReadMemory at 0x7ff3dbc0000 of 64 bytes failed: Запрос ReadProcessMemory или WriteProcessMemory был выполнен только частично. (0x12B)
[1115/215533.575:WARNING:pe_image_reader.cc(302)] could not read dos header from C:\Windows\SYSTEM32\bcryptPrimitives.dll
[1115/215533.726:ERROR:process_reader_win.cc(242)] ReadMemory at 0xa9fee48000 of 98304 bytes failed: Запрос ReadProcessMemory или WriteProcessMemory был выполнен только частично. (0x12B)
[1115/215533.727:ERROR:process_reader_win.cc(242)] ReadMemory at 0xa9fffad000 of 12288 bytes failed: Запрос ReadProcessMemory или WriteProcessMemory был выполнен только частично. (0x12B)
[1115/215533.727:ERROR:process_reader_win.cc(242)] ReadMemory at 0xa981a7e000 of 8192 bytes failed: Запрос ReadProcessMemory или WriteProcessMemory был выполнен только частично. (0x12B)
[1115/215533.727:ERROR:process_reader_win.cc(242)] ReadMemory at 0xa981c7d000 of 12288 bytes failed: Запрос ReadProcessMemory или WriteProcessMemory был выполнен только частично. (0x12B)
[1115/215533.727:ERROR:process_reader_win.cc(242)] ReadMemory at 0xa981e7d000 of 12288 bytes failed: Запрос ReadProcessMemory или WriteProcessMemory был выполнен только частично. (0x12B)
[1115/215533.727:ERROR:process_reader_win.cc(242)] ReadMemory at 0xa98207c000 of 16384 bytes failed: Запрос ReadProcessMemory или WriteProcessMemory был выполнен только частично. (0x12B)
[1115/215533.727:ERROR:process_reader_win.cc(242)] ReadMemory at 0xa98227e000 of 8192 bytes failed: Запрос ReadProcessMemory или WriteProcessMemory был выполнен только частично. (0x12B)
[1115/215533.727:ERROR:process_reader_win.cc(242)] ReadMemory at 0xa98257d000 of 12288 bytes failed: Запрос ReadProcessMemory или WriteProcessMemory был выполнен только частично. (0x12B)
[1115/215533.728:ERROR:process_reader_win.cc(242)] ReadMemory at 0xa98297c000 of 16384 bytes failed: Запрос ReadProcessMemory или WriteProcessMemory был выполнен только частично. (0x12B)
[1115/215533.728:ERROR:process_reader_win.cc(242)] ReadMemory at 0xa982b79000 of 94208 bytes failed: Запрос ReadProcessMemory или WriteProcessMemory был выполнен только частично. (0x12B)
[1115/215533.728:ERROR:process_reader_win.cc(242)] ReadMemory at 0xa982d88000 of 32768 bytes failed: Запрос ReadProcessMemory или WriteProcessMemory был выполнен только частично. (0x12B)
[1115/215533.728:ERROR:process_reader_win.cc(242)] ReadMemory at 0xa982f8e000 of 8192 bytes failed: Запрос ReadProcessMemory или WriteProcessMemory был выполнен только частично. (0x12B)
[1115/215533.728:ERROR:process_reader_win.cc(242)] ReadMemory at 0xa9841c9000 of 28672 bytes failed: Запрос ReadProcessMemory или WriteProcessMemory был выполнен только частично. (0x12B)
[1115/215533.728:ERROR:process_reader_win.cc(242)] ReadMemory at 0xa9843ce000 of 8192 bytes failed: Запрос ReadProcessMemory или WriteProcessMemory был выполнен только частично. (0x12B)
[1115/215533.728:ERROR:process_reader_win.cc(242)] ReadMemory at 0xa98187c000 of 16384 bytes failed: Запрос ReadProcessMemory или WriteProcessMemory был выполнен только частично. (0x12B)
[1115/215533.729:ERROR:process_reader_win.cc(242)] ReadMemory at 0xa983f7d000 of 12288 bytes failed: Запрос ReadProcessMemory или WriteProcessMemory был выполнен только частично. (0x12B)
[1115/215533.729:ERROR:process_reader_win.cc(242)] ReadMemory at 0xa98574d000 of 12288 bytes failed: Запрос ReadProcessMemory или WriteProcessMemory был выполнен только частично. (0x12B)
[1115/215533.729:ERROR:process_reader_win.cc(242)] ReadMemory at 0xa98842e000 of 8192 bytes failed: Запрос ReadProcessMemory или WriteProcessMemory был выполнен только частично. (0x12B)
[1115/215533.729:ERROR:process_reader_win.cc(242)] ReadMemory at 0xa9822a41a8 of 512 bytes failed: Запрос ReadProcessMemory или WriteProcessMemory был выполнен только частично. (0x12B)
[1115/215533.729:ERROR:process_reader_win.cc(242)] ReadMemory at 0xa9822a4b98 of 512 bytes failed: Запрос ReadProcessMemory или WriteProcessMemory был выполнен только частично. (0x12B)
[1115/215533.729:ERROR:process_reader_win.cc(242)] ReadMemory at 0xa9822a54c8 of 512 bytes failed: Запрос ReadProcessMemory или WriteProcessMemory был выполнен только частично. (0x12B)
[1115/215533.729:ERROR:process_reader_win.cc(242)] ReadMemory at 0xa983320974 of 512 bytes failed: Запрос ReadProcessMemory или WriteProcessMemory был выполнен только частично. (0x12B)
[1115/215533.729:ERROR:process_reader_win.cc(242)] ReadMemory at 0xa98339ebd0 of 512 bytes failed: Запрос ReadProcessMemory или WriteProcessMemory был выполнен только частично. (0x12B)
[1115/215533.729:ERROR:process_reader_win.cc(242)] ReadMemory at 0xa98350c238 of 512 bytes failed: Запрос ReadProcessMemory или WriteProcessMemory был выполнен только частично. (0x12B)
[1115/215533.729:ERROR:process_reader_win.cc(242)] ReadMemory at 0xa983569c30 of 512 bytes failed: Запрос ReadProcessMemory или WriteProcessMemory был выполнен только частично. (0x12B)
[1115/215533.729:ERROR:process_reader_win.cc(242)] ReadMemory at 0xa9844b39d0 of 512 bytes failed: Запрос ReadProcessMemory или WriteProcessMemory был выполнен только частично. (0x12B)
[1115/215533.729:ERROR:process_reader_win.cc(242)] ReadMemory at 0xa9844d7ed0 of 560 bytes failed: Запрос ReadProcessMemory или WriteProcessMemory был выполнен только частично. (0x12B)
[1115/215533.730:ERROR:process_reader_win.cc(242)] ReadMemory at 0xa9848dadb0 of 512 bytes failed: Запрос ReadProcessMemory или WriteProcessMemory был выполнен только частично. (0x12B)
[1115/215533.730:ERROR:process_reader_win.cc(242)] ReadMemory at 0xa98819ae38 of 512 bytes failed: Запрос ReadProcessMemory или WriteProcessMemory был выполнен только частично. (0x12B)
[1115/215533.730:ERROR:process_reader_win.cc(242)] ReadMemory at 0xa9feed07c0 of 62 bytes failed: Запрос ReadProcessMemory или WriteProcessMemory был выполнен только частично. (0x12B)
[1115/215533.730:ERROR:process_reader_win.cc(242)] ReadMemory at 0xa9feed0860 of 4438 bytes failed: Запрос ReadProcessMemory или WriteProcessMemory был выполнен только частично. (0x12B)
[1115/215533.730:ERROR:process_reader_win.cc(242)] ReadMemory at 0xa9feed19c0 of 1012 bytes failed: Запрос ReadProcessMemory или WriteProcessMemory был выполнен только частично. (0x12B)
[1115/215533.730:ERROR:process_reader_win.cc(242)] ReadMemory at 0xa9feed1fd8 of 118 bytes failed: Запрос ReadProcessMemory или WriteProcessMemory был выполнен только частично. (0x12B)
[1115/215533.730:ERROR:process_reader_win.cc(242)] ReadMemory at 0xa9feed2050 of 1040 bytes failed: Запрос ReadProcessMemory или WriteProcessMemory был выполнен только частично. (0x12B)
[1115/215533.730:ERROR:process_reader_win.cc(242)] ReadMemory at 0xa9feed2462 of 118 bytes failed: Запрос ReadProcessMemory или WriteProcessMemory был выполнен только частично. (0x12B)
[1115/215533.730:ERROR:process_reader_win.cc(242)] ReadMemory at 0xa9feed24da of 96 bytes failed: Запрос ReadProcessMemory или WriteProcessMemory был выполнен только частично. (0x12B)
[1115/215533.730:ERROR:process_reader_win.cc(242)] ReadMemory at 0xa9feed2550 of 58 bytes failed: Запрос ReadProcessMemory или WriteProcessMemory был выполнен только частично. (0x12B)
[1115/215533.730:ERROR:process_reader_win.cc(242)] ReadMemory at 0xa9feed2650 of 132 bytes failed: Запрос ReadProcessMemory или WriteProcessMemory был выполнен только частично. (0x12B)
[1115/215533.730:ERROR:process_reader_win.cc(242)] ReadMemory at 0xa9feed27d0 of 132 bytes failed: Запрос ReadProcessMemory или WriteProcessMemory был выполнен только частично. (0x12B)
[1115/215533.730:ERROR:process_reader_win.cc(242)] ReadMemory at 0xa9feed29d0 of 126 bytes failed: Запрос ReadProcessMemory или WriteProcessMemory был выполнен только частично. (0x12B)
[1115/215533.730:ERROR:process_reader_win.cc(242)] ReadMemory at 0xa9feed2cb0 of 64 bytes failed: Запрос ReadProcessMemory или WriteProcessMemory был выполнен только частично. (0x12B)
[1115/215533.731:ERROR:process_reader_win.cc(242)] ReadMemory at 0xa9feed2d00 of 132 bytes failed: Запрос ReadProcessMemory или WriteProcessMemory был выполнен только частично. (0x12B)
[1115/215533.731:ERROR:process_reader_win.cc(242)] ReadMemory at 0xa9feed2f30 of 132 bytes failed: Запрос ReadProcessMemory или WriteProcessMemory был выполнен только частично. (0x12B)
[1115/215533.731:ERROR:process_reader_win.cc(242)] ReadMemory at 0xa9feed3060 of 68 bytes failed: Запрос ReadProcessMemory или WriteProcessMemory был выполнен только частично. (0x12B)
[1115/215533.731:ERROR:process_reader_win.cc(242)] ReadMemory at 0xa9feed30b0 of 132 bytes failed: Запрос ReadProcessMemory или WriteProcessMemory был выполнен только частично. (0x12B)
[1115/215533.731:ERROR:process_reader_win.cc(242)] ReadMemory at 0xa9feed3ef0 of 154 bytes failed: Запрос ReadProcessMemory или WriteProcessMemory был выполнен только частично. (0x12B)
[1115/215533.731:ERROR:process_reader_win.cc(242)] ReadMemory at 0xa9feed4080 of 62 bytes failed: Запрос ReadProcessMemory или WriteProcessMemory был выполнен только частично. (0x12B)
[1115/215533.731:ERROR:process_reader_win.cc(242)] ReadMemory at 0xa9feed40d0 of 132 bytes failed: Запрос ReadProcessMemory или WriteProcessMemory был выполнен только частично. (0x12B)
[1115/215533.731:ERROR:process_reader_win.cc(242)] ReadMemory at 0xa9feed4250 of 54 bytes failed: Запрос ReadProcessMemory или WriteProcessMemory был выполнен только частично. (0x12B)
[1115/215533.731:ERROR:process_reader_win.cc(242)] ReadMemory at 0xa9feed42d0 of 64 bytes failed: Запрос ReadProcessMemory или WriteProcessMemory был выполнен только частично. (0x12B)
[1115/215533.731:ERROR:process_reader_win.cc(242)] ReadMemory at 0xa9feed4320 of 132 bytes failed: Запрос ReadProcessMemory или WriteProcessMemory был выполнен только частично. (0x12B)
[1115/215533.731:ERROR:process_reader_win.cc(242)] ReadMemory at 0xa9feed4520 of 60 bytes failed: Запрос ReadProcessMemory или WriteProcessMemory был выполнен только частично. (0x12B)
[1115/215533.731:ERROR:process_reader_win.cc(242)] ReadMemory at 0xa9feed4570 of 132 bytes failed: Запрос ReadProcessMemory или WriteProcessMemory был выполнен только частично. (0x12B)
[1115/215533.731:ERROR:process_reader_win.cc(242)] ReadMemory at 0xa9feed4810 of 62 bytes failed: Запрос ReadProcessMemory или WriteProcessMemory был выполнен только частично. (0x12B)
[1115/215533.731:ERROR:process_reader_win.cc(242)] ReadMemory at 0xa9feed4860 of 132 bytes failed: Запрос ReadProcessMemory или WriteProcessMemory был выполнен только частично. (0x12B)
[1115/215533.732:ERROR:process_reader_win.cc(242)] ReadMemory at 0xa9feed4a70 of 58 bytes failed: Запрос ReadProcessMemory или WriteProcessMemory был выполнен только частично. (0x12B)
[1115/215533.732:ERROR:process_reader_win.cc(242)] ReadMemory at 0xa9feed4ac0 of 132 bytes failed: Запрос ReadProcessMemory или WriteProcessMemory был выполнен только частично. (0x12B)
[1115/215533.732:ERROR:process_reader_win.cc(242)] ReadMemory at 0xa9feed77a0 of 132 bytes failed: Запрос ReadProcessMemory или WriteProcessMemory был выполнен только частично. (0x12B)
[1115/215533.732:ERROR:process_reader_win.cc(242)] ReadMemory at 0xa9feed7960 of 62 bytes failed: Запрос ReadProcessMemory или WriteProcessMemory был выполнен только частично. (0x12B)
[1115/215533.732:ERROR:process_reader_win.cc(242)] ReadMemory at 0xa9feed7a50 of 66 bytes failed: Запрос ReadProcessMemory или WriteProcessMemory был выполнен только частично. (0x12B)
[1115/215533.732:ERROR:process_reader_win.cc(242)] ReadMemory at 0xa9feed7af0 of 60 bytes failed: Запрос ReadProcessMemory или WriteProcessMemory был выполнен только частично. (0x12B)
[1115/215533.732:ERROR:process_reader_win.cc(242)] ReadMemory at 0xa9feed7b40 of 62 bytes failed: Запрос ReadProcessMemory или WriteProcessMemory был выполнен только частично. (0x12B)
[1115/215533.732:ERROR:process_reader_win.cc(242)] ReadMemory at 0xa9feed7c80 of 58 bytes failed: Запрос ReadProcessMemory или WriteProcessMemory был выполнен только частично. (0x12B)
[1115/215533.732:ERROR:process_reader_win.cc(242)] ReadMemory at 0xa9feed7d20 of 58 bytes failed: Запрос ReadProcessMemory или WriteProcessMemory был выполнен только частично. (0x12B)
[1115/215533.732:ERROR:process_reader_win.cc(242)] ReadMemory at 0xa9feed7d70 of 66 bytes failed: Запрос ReadProcessMemory или WriteProcessMemory был выполнен только частично. (0x12B)
[1115/215533.732:ERROR:process_reader_win.cc(242)] ReadMemory at 0xa9feed7dc0 of 62 bytes failed: Запрос ReadProcessMemory или WriteProcessMemory был выполнен только частично. (0x12B)
[1115/215533.732:ERROR:process_reader_win.cc(242)] ReadMemory at 0xa9feed7e60 of 60 bytes failed: Запрос ReadProcessMemory или WriteProcessMemory был выполнен только частично. (0x12B)
[1115/215533.732:ERROR:process_reader_win.cc(242)] ReadMemory at 0xa9feed7eb0 of 62 bytes failed: Запрос ReadProcessMemory или WriteProcessMemory был выполнен только частично. (0x12B)
[1115/215533.732:ERROR:process_reader_win.cc(242)] ReadMemory at 0xa9feed7ff0 of 62 bytes failed: Запрос ReadProcessMemory или WriteProcessMemory был выполнен только частично. (0x12B)
[1115/215533.732:ERROR:process_reader_win.cc(242)] ReadMemory at 0xa9feed84c0 of 132 bytes failed: Запрос ReadProcessMemory или WriteProcessMemory был выполнен только частично. (0x12B)
[1115/215533.732:ERROR:process_reader_win.cc(242)] ReadMemory at 0xa9feed85e0 of 132 bytes failed: Запрос ReadProcessMemory или WriteProcessMemory был выполнен только частично. (0x12B)
[1115/215533.732:ERROR:process_reader_win.cc(242)] ReadMemory at 0xa9feed90d0 of 132 bytes failed: Запрос ReadProcessMemory или WriteProcessMemory был выполнен только частично. (0x12B)
[1115/215533.732:ERROR:process_reader_win.cc(242)] ReadMemory at 0xa9feed9a20 of 132 bytes failed: Запрос ReadProcessMemory или WriteProcessMemory был выполнен только частично. (0x12B)
[1115/215533.732:ERROR:process_reader_win.cc(242)] ReadMemory at 0xa9feed9bd0 of 132 bytes failed: Запрос ReadProcessMemory или WriteProcessMemory был выполнен только частично. (0x12B)
[1115/215533.732:ERROR:process_reader_win.cc(242)] ReadMemory at 0xa9feeda0f0 of 158 bytes failed: Запрос ReadProcessMemory или WriteProcessMemory был выполнен только частично. (0x12B)
[1115/215533.732:ERROR:process_reader_win.cc(242)] ReadMemory at 0xa9feeda1a0 of 132 bytes failed: Запрос ReadProcessMemory или WriteProcessMemory был выполнен только частично. (0x12B)
[1115/215533.732:ERROR:process_reader_win.cc(242)] ReadMemory at 0xa9feeda310 of 132 bytes failed: Запрос ReadProcessMemory или WriteProcessMemory был выполнен только частично. (0x12B)
[1115/215533.732:ERROR:process_reader_win.cc(242)] ReadMemory at 0xa9feeda430 of 132 bytes failed: Запрос ReadProcessMemory или WriteProcessMemory был выполнен только частично. (0x12B)
[1115/215533.732:ERROR:process_reader_win.cc(242)] ReadMemory at 0xa9feeda550 of 132 bytes failed: Запрос ReadProcessMemory или WriteProcessMemory был выполнен только частично. (0x12B)
[1115/215533.732:ERROR:process_reader_win.cc(242)] ReadMemory at 0xa9feeda670 of 132 bytes failed: Запрос ReadProcessMemory или WriteProcessMemory был выполнен только частично. (0x12B)
[1115/215533.732:ERROR:process_reader_win.cc(242)] ReadMemory at 0xa9feeda790 of 132 bytes failed: Запрос ReadProcessMemory или WriteProcessMemory был выполнен только частично. (0x12B)
[1115/215533.733:ERROR:process_reader_win.cc(242)] ReadMemory at 0xa9feeda8b0 of 132 bytes failed: Запрос ReadProcessMemory или WriteProcessMemory был выполнен только частично. (0x12B)
[1115/215533.733:ERROR:process_reader_win.cc(242)] ReadMemory at 0xa9feeda9d0 of 132 bytes failed: Запрос ReadProcessMemory или WriteProcessMemory был выполнен только частично. (0x12B)
[1115/215533.733:ERROR:process_reader_win.cc(242)] ReadMemory at 0xa9feedaaf0 of 132 bytes failed: Запрос ReadProcessMemory или WriteProcessMemory был выполнен только частично. (0x12B)
[1115/215533.733:ERROR:process_reader_win.cc(242)] ReadMemory at 0xa9feedac10 of 132 bytes failed: Запрос ReadProcessMemory или WriteProcessMemory был выполнен только частично. (0x12B)
[1115/215533.733:ERROR:process_reader_win.cc(242)] ReadMemory at 0xa9feedad30 of 132 bytes failed: Запрос ReadProcessMemory или WriteProcessMemory был выполнен только частично. (0x12B)
[1115/215533.733:ERROR:process_reader_win.cc(242)] ReadMemory at 0xa9feedae50 of 132 bytes failed: Запрос ReadProcessMemory или WriteProcessMemory был выполнен только частично. (0x12B)
[1115/215533.733:ERROR:process_reader_win.cc(242)] ReadMemory at 0xa9feedaf70 of 132 bytes failed: Запрос ReadProcessMemory или WriteProcessMemory был выполнен только частично. (0x12B)
[1115/215533.733:ERROR:process_reader_win.cc(242)] ReadMemory at 0xa9feedb090 of 132 bytes failed: Запрос ReadProcessMemory или WriteProcessMemory был выполнен только частично. (0x12B)
[1115/215533.733:ERROR:process_reader_win.cc(242)] ReadMemory at 0xa9feedc520 of 60 bytes failed: Запрос ReadProcessMemory или WriteProcessMemory был выполнен только частично. (0x12B)
[1115/215533.733:ERROR:process_reader_win.cc(242)] ReadMemory at 0xa9feedc570 of 64 bytes failed: Запрос ReadProcessMemory или WriteProcessMemory был выполнен только частично. (0x12B)
[1115/215533.733:ERROR:process_reader_win.cc(242)] ReadMemory at 0xa9feedc5c0 of 64 bytes failed: Запрос ReadProcessMemory или WriteProcessMemory был выполнен только частично. (0x12B)
[1115/215533.733:ERROR:process_reader_win.cc(242)] ReadMemory at 0xa9feedc660 of 64 bytes failed: Запрос ReadProcessMemory или WriteProcessMemory был выполнен только частично. (0x12B)
[1115/215533.733:ERROR:process_reader_win.cc(242)] ReadMemory at 0xa9feedc700 of 60 bytes failed: Запрос ReadProcessMemory или WriteProcessMemory был выполнен только частично. (0x12B)
[1115/215533.733:ERROR:process_reader_win.cc(242)] ReadMemory at 0xa9feedc750 of 60 bytes failed: Запрос ReadProcessMemory или WriteProcessMemory был выполнен только частично. (0x12B)
[1115/215533.733:ERROR:process_reader_win.cc(242)] ReadMemory at 0xa9feedc7f0 of 62 bytes failed: Запрос ReadProcessMemory или WriteProcessMemory был выполнен только частично. (0x12B)
[1115/215533.733:ERROR:process_reader_win.cc(242)] ReadMemory at 0xa9feedc8e0 of 62 bytes failed: Запрос ReadProcessMemory или WriteProcessMemory был выполнен только частично. (0x12B)
[1115/215533.733:ERROR:process_reader_win.cc(242)] ReadMemory at 0xa9feedc9d0 of 64 bytes failed: Запрос ReadProcessMemory или WriteProcessMemory был выполнен только частично. (0x12B)
[1115/215533.733:ERROR:process_reader_win.cc(242)] ReadMemory at 0xa9feedca20 of 56 bytes failed: Запрос ReadProcessMemory или WriteProcessMemory был выполнен только частично. (0x12B)
[1115/215533.733:ERROR:process_reader_win.cc(242)] ReadMemory at 0xa9feedcac0 of 60 bytes failed: Запрос ReadProcessMemory или WriteProcessMemory был выполнен только частично. (0x12B)
[1115/215533.733:ERROR:process_reader_win.cc(242)] ReadMemory at 0xa9feedcb60 of 64 bytes failed: Запрос ReadProcessMemory или WriteProcessMemory был выполнен только частично. (0x12B)
[1115/215533.733:ERROR:process_reader_win.cc(242)] ReadMemory at 0xa9feedcbb0 of 58 bytes failed: Запрос ReadProcessMemory или WriteProcessMemory был выполнен только частично. (0x12B)
[1115/215533.733:ERROR:process_reader_win.cc(242)] ReadMemory at 0xa9feedcc00 of 58 bytes failed: Запрос ReadProcessMemory или WriteProcessMemory был выполнен только частично. (0x12B)
[1115/215533.733:ERROR:process_reader_win.cc(242)] ReadMemory at 0xa9feedcca0 of 64 bytes failed: Запрос ReadProcessMemory или WriteProcessMemory был выполнен только частично. (0x12B)
[1115/215533.733:ERROR:process_reader_win.cc(242)] ReadMemory at 0xa9feedcd40 of 60 bytes failed: Запрос ReadProcessMemory или WriteProcessMemory был выполнен только частично. (0x12B)
[1115/215533.733:ERROR:process_reader_win.cc(242)] ReadMemory at 0xa9feedcd90 of 58 bytes failed: Запрос ReadProcessMemory или WriteProcessMemory был выполнен только частично. (0x12B)
[1115/215533.734:ERROR:process_reader_win.cc(242)] ReadMemory at 0xa9feedce30 of 62 bytes failed: Запрос ReadProcessMemory или WriteProcessMemory был выполнен только частично. (0x12B)
[1115/215533.734:ERROR:process_reader_win.cc(242)] ReadMemory at 0xa9feedced0 of 62 bytes failed: Запрос ReadProcessMemory или WriteProcessMemory был выполнен только частично. (0x12B)
[1115/215533.734:ERROR:process_reader_win.cc(242)] ReadMemory at 0xa9feedd100 of 60 bytes failed: Запрос ReadProcessMemory или WriteProcessMemory был выполнен только частично. (0x12B)
[1115/215533.734:ERROR:process_reader_win.cc(242)] ReadMemory at 0xa9feedd1a0 of 64 bytes failed: Запрос ReadProcessMemory или WriteProcessMemory был выполнен только частично. (0x12B)
[1115/215533.734:ERROR:process_reader_win.cc(242)] ReadMemory at 0xa9feedd1f0 of 58 bytes failed: Запрос ReadProcessMemory или WriteProcessMemory был выполнен только частично. (0x12B)
[1115/215533.734:ERROR:process_reader_win.cc(242)] ReadMemory at 0xa9feedd2e0 of 62 bytes failed: Запрос ReadProcessMemory или WriteProcessMemory был выполнен только частично. (0x12B)
[1115/215533.734:ERROR:process_reader_win.cc(242)] ReadMemory at 0xa9feedd380 of 58 bytes failed: Запрос ReadProcessMemory или WriteProcessMemory был выполнен только частично. (0x12B)
[1115/215533.734:ERROR:process_reader_win.cc(242)] ReadMemory at 0xa9feee1320 of 248 bytes failed: Запрос ReadProcessMemory или WriteProcessMemory был выполнен только частично. (0x12B)
[1115/215533.734:ERROR:process_reader_win.cc(242)] ReadMemory at 0xa9feee3d80 of 132 bytes failed: Запрос ReadProcessMemory или WriteProcessMemory был выполнен только частично. (0x12B)
[1115/215533.734:ERROR:process_reader_win.cc(242)] ReadMemory at 0xa9feee3ea0 of 132 bytes failed: Запрос ReadProcessMemory или WriteProcessMemory был выполнен только частично. (0x12B)
[1115/215533.734:ERROR:process_reader_win.cc(242)] ReadMemory at 0xa9feee3fc0 of 132 bytes failed: Запрос ReadProcessMemory или WriteProcessMemory был выполнен только частично. (0x12B)
[1115/215533.734:ERROR:process_reader_win.cc(242)] ReadMemory at 0xa9feee40e0 of 132 bytes failed: Запрос ReadProcessMemory или WriteProcessMemory был выполнен только частично. (0x12B)
[1115/215533.734:ERROR:process_reader_win.cc(242)] ReadMemory at 0xa9feee4200 of 132 bytes failed: Запрос ReadProcessMemory или WriteProcessMemory был выполнен только частично. (0x12B)
[1115/215533.734:ERROR:process_reader_win.cc(242)] ReadMemory at 0xa9feee4320 of 132 bytes failed: Запрос ReadProcessMemory или WriteProcessMemory был выполнен только частично. (0x12B)
[1115/215533.734:ERROR:process_reader_win.cc(242)] ReadMemory at 0xa9feee4440 of 132 bytes failed: Запрос ReadProcessMemory или WriteProcessMemory был выполнен только частично. (0x12B)
[1115/215533.734:ERROR:process_reader_win.cc(242)] ReadMemory at 0xa9feee4560 of 132 bytes failed: Запрос ReadProcessMemory или WriteProcessMemory был выполнен только частично. (0x12B)
[1115/215533.734:ERROR:process_reader_win.cc(242)] ReadMemory at 0xa9feee4680 of 132 bytes failed: Запрос ReadProcessMemory или WriteProcessMemory был выполнен только частично. (0x12B)
[1115/215533.734:ERROR:process_reader_win.cc(242)] ReadMemory at 0xa9feee4b00 of 132 bytes failed: Запрос ReadProcessMemory или WriteProcessMemory был выполнен только частично. (0x12B)
[1115/215533.734:ERROR:process_reader_win.cc(242)] ReadMemory at 0xa9feee4c20 of 132 bytes failed: Запрос ReadProcessMemory или WriteProcessMemory был выполнен только частично. (0x12B)
[1115/215533.734:ERROR:process_reader_win.cc(242)] ReadMemory at 0xa9feee4e60 of 132 bytes failed: Запрос ReadProcessMemory или WriteProcessMemory был выполнен только частично. (0x12B)
[1115/215533.734:ERROR:process_reader_win.cc(242)] ReadMemory at 0xa9feee4f80 of 132 bytes failed: Запрос ReadProcessMemory или WriteProcessMemory был выполнен только частично. (0x12B)
[1115/215533.734:ERROR:process_reader_win.cc(242)] ReadMemory at 0xa9feee50a0 of 132 bytes failed: Запрос ReadProcessMemory или WriteProcessMemory был выполнен только частично. (0x12B)
[1115/215533.734:ERROR:process_reader_win.cc(242)] ReadMemory at 0xa9feee52e0 of 132 bytes failed: Запрос ReadProcessMemory или WriteProcessMemory был выполнен только частично. (0x12B)
[1115/215533.734:ERROR:process_reader_win.cc(242)] ReadMemory at 0xa9feee5400 of 132 bytes failed: Запрос ReadProcessMemory или WriteProcessMemory был выполнен только частично. (0x12B)
[1115/215533.735:ERROR:process_reader_win.cc(242)] ReadMemory at 0xa9feee5520 of 132 bytes failed: Запрос ReadProcessMemory или WriteProcessMemory был выполнен только частично. (0x12B)
[1115/215533.735:ERROR:process_reader_win.cc(242)] ReadMemory at 0xa9feee5640 of 132 bytes failed: Запрос ReadProcessMemory или WriteProcessMemory был выполнен только частично. (0x12B)
[1115/215533.735:ERROR:process_reader_win.cc(242)] ReadMemory at 0xa9feee5880 of 132 bytes failed: Запрос ReadProcessMemory или WriteProcessMemory был выполнен только частично. (0x12B)
[1115/215533.735:ERROR:process_reader_win.cc(242)] ReadMemory at 0xa9feee59a0 of 132 bytes failed: Запрос ReadProcessMemory или WriteProcessMemory был выполнен только частично. (0x12B)
[1115/215533.735:ERROR:process_reader_win.cc(242)] ReadMemory at 0xa9feee8320 of 80 bytes failed: Запрос ReadProcessMemory или WriteProcessMemory был выполнен только частично. (0x12B)
[1115/215533.735:ERROR:process_reader_win.cc(242)] ReadMemory at 0xa9feeec6f0 of 512 bytes failed: Запрос ReadProcessMemory или WriteProcessMemory был выполнен только частично. (0x12B)
[1115/215533.735:ERROR:process_reader_win.cc(242)] ReadMemory at 0xa9feeed3e0 of 512 bytes failed: Запрос ReadProcessMemory или WriteProcessMemory был выполнен только частично. (0x12B)
[1115/215533.735:ERROR:process_reader_win.cc(242)] ReadMemory at 0xa9ff3638e0 of 512 bytes failed: Запрос ReadProcessMemory или WriteProcessMemory был выполнен только частично. (0x12B)
[1115/215533.735:ERROR:process_reader_win.cc(242)] ReadMemory at 0xa9ff5b0c40 of 512 bytes failed: Запрос ReadProcessMemory или WriteProcessMemory был выполнен только частично. (0x12B)
[1115/215533.735:ERROR:process_reader_win.cc(242)] ReadMemory at 0xa9ff5b28c0 of 512 bytes failed: Запрос ReadProcessMemory или WriteProcessMemory был выполнен только частично. (0x12B)
[1115/215533.735:ERROR:process_reader_win.cc(242)] ReadMemory at 0xa9ff5b2ec0 of 512 bytes failed: Запрос ReadProcessMemory или WriteProcessMemory был выполнен только частично. (0x12B)
[1115/215533.735:ERROR:process_reader_win.cc(242)] ReadMemory at 0xa9ff607500 of 512 bytes failed: Запрос ReadProcessMemory или WriteProcessMemory был выполнен только частично. (0x12B)
[1115/215533.735:ERROR:process_reader_win.cc(242)] ReadMemory at 0xa9ff690000 of 384 bytes failed: Запрос ReadProcessMemory или WriteProcessMemory был выполнен только частично. (0x12B)
[1115/215533.735:ERROR:process_reader_win.cc(242)] ReadMemory at 0xa9ff6e2540 of 512 bytes failed: Запрос ReadProcessMemory или WriteProcessMemory был выполнен только частично. (0x12B)
[1115/215533.735:ERROR:process_reader_win.cc(242)] ReadMemory at 0xa9ff6e3d80 of 512 bytes failed: Запрос ReadProcessMemory или WriteProcessMemory был выполнен только частично. (0x12B)
[1115/215533.735:ERROR:process_reader_win.cc(242)] ReadMemory at 0xa9ff6e7b88 of 512 bytes failed: Запрос ReadProcessMemory или WriteProcessMemory был выполнен только частично. (0x12B)
[1115/215533.735:ERROR:process_reader_win.cc(242)] ReadMemory at 0xa9ff70d850 of 688 bytes failed: Запрос ReadProcessMemory или WriteProcessMemory был выполнен только частично. (0x12B)
[1115/215533.735:ERROR:process_reader_win.cc(242)] ReadMemory at 0x5f297e82531 of 512 bytes failed: Запрос ReadProcessMemory или WriteProcessMemory был выполнен только частично. (0x12B)
[1115/215533.735:ERROR:process_reader_win.cc(242)] ReadMemory at 0x6139301ac70 of 520 bytes failed: Запрос ReadProcessMemory или WriteProcessMemory был выполнен только частично. (0x12B)
[1115/215533.735:ERROR:process_reader_win.cc(242)] ReadMemory at 0x7f773ba8000 of 6024 bytes failed: Запрос ReadProcessMemory или WriteProcessMemory был выполнен только частично. (0x12B)
[1115/215533.735:ERROR:process_reader_win.cc(242)] ReadMemory at 0x7f773baa000 of 6024 bytes failed: Запрос ReadProcessMemory или WriteProcessMemory был выполнен только частично. (0x12B)
[1115/215533.735:ERROR:process_reader_win.cc(242)] ReadMemory at 0x7f773bac000 of 6024 bytes failed: Запрос ReadProcessMemory или WriteProcessMemory был выполнен только частично. (0x12B)
[1115/215533.735:ERROR:process_reader_win.cc(242)] ReadMemory at 0x7f773bae000 of 6024 bytes failed: Запрос ReadProcessMemory или WriteProcessMemory был выполнен только частично. (0x12B)
[1115/215533.736:ERROR:process_reader_win.cc(242)] ReadMemory at 0x7f773bb0000 of 6024 bytes failed: Запрос ReadProcessMemory или WriteProcessMemory был выполнен только частично. (0x12B)
[1115/215533.736:ERROR:process_reader_win.cc(242)] ReadMemory at 0x7f773bb2000 of 6024 bytes failed: Запрос ReadProcessMemory или WriteProcessMemory был выполнен только частично. (0x12B)
[1115/215533.736:ERROR:process_reader_win.cc(242)] ReadMemory at 0x7f773bb4000 of 6024 bytes failed: Запрос ReadProcessMemory или WriteProcessMemory был выполнен только частично. (0x12B)
[1115/215533.736:ERROR:process_reader_win.cc(242)] ReadMemory at 0x7f773bb6000 of 6024 bytes failed: Запрос ReadProcessMemory или WriteProcessMemory был выполнен только частично. (0x12B)
[1115/215533.736:ERROR:process_reader_win.cc(242)] ReadMemory at 0x7f773bb8000 of 6024 bytes failed: Запрос ReadProcessMemory или WriteProcessMemory был выполнен только частично. (0x12B)
[1115/215533.736:ERROR:process_reader_win.cc(242)] ReadMemory at 0x7f773bba000 of 6024 bytes failed: Запрос ReadProcessMemory или WriteProcessMemory был выполнен только частично. (0x12B)
[1115/215533.736:ERROR:process_reader_win.cc(242)] ReadMemory at 0x7f773bbbf80 of 6152 bytes failed: Запрос ReadProcessMemory или WriteProcessMemory был выполнен только частично. (0x12B)
[1115/215533.736:ERROR:process_reader_win.cc(242)] ReadMemory at 0x7f773bbe000 of 6024 bytes failed: Запрос ReadProcessMemory или WriteProcessMemory был выполнен только частично. (0x12B)
[1115/215533.736:ERROR:process_reader_win.cc(242)] ReadMemory at 0x7f773ce3000 of 6024 bytes failed: Запрос ReadProcessMemory или WriteProcessMemory был выполнен только частично. (0x12B)
[1115/215533.736:ERROR:process_reader_win.cc(242)] ReadMemory at 0x7f773ce5000 of 6024 bytes failed: Запрос ReadProcessMemory или WriteProcessMemory был выполнен только частично. (0x12B)
[1115/215533.736:ERROR:process_reader_win.cc(242)] ReadMemory at 0x7f773ce7000 of 6024 bytes failed: Запрос ReadProcessMemory или WriteProcessMemory был выполнен только частично. (0x12B)
[1115/215533.736:ERROR:process_reader_win.cc(242)] ReadMemory at 0x7f773ce9000 of 6024 bytes failed: Запрос ReadProcessMemory или WriteProcessMemory был выполнен только частично. (0x12B)
[1115/215533.736:ERROR:process_reader_win.cc(242)] ReadMemory at 0x7f773ceb000 of 852 bytes failed: Запрос ReadProcessMemory или WriteProcessMemory был выполнен только частично. (0x12B)
[1115/215533.736:ERROR:process_reader_win.cc(242)] ReadMemory at 0x7f773cebf80 of 6152 bytes failed: Запрос ReadProcessMemory или WriteProcessMemory был выполнен только частично. (0x12B)
[1115/215533.736:ERROR:process_reader_win.cc(242)] ReadMemory at 0x7f773cee000 of 6024 bytes failed: Запрос ReadProcessMemory или WriteProcessMemory был выполнен только частично. (0x12B)
[1115/215533.736:ERROR:process_reader_win.cc(242)] ReadMemory at 0x7ff21ace5ac of 512 bytes failed: Запрос ReadProcessMemory или WriteProcessMemory был выполнен только частично. (0x12B)
[1115/215533.736:ERROR:process_reader_win.cc(242)] ReadMemory at 0x7ff21aeab60 of 512 bytes failed: Запрос ReadProcessMemory или WriteProcessMemory был выполнен только частично. (0x12B)
[1115/215533.737:ERROR:process_reader_win.cc(242)] ReadMemory at 0x7ff2408ae70 of 512 bytes failed: Запрос ReadProcessMemory или WriteProcessMemory был выполнен только частично. (0x12B)
[1115/215533.737:ERROR:process_reader_win.cc(242)] ReadMemory at 0x7ff24cc67a0 of 560 bytes failed: Запрос ReadProcessMemory или WriteProcessMemory был выполнен только частично. (0x12B)
[1115/215533.737:ERROR:process_reader_win.cc(242)] ReadMemory at 0x7ff29b1e9d8 of 512 bytes failed: Запрос ReadProcessMemory или WriteProcessMemory был выполнен только частично. (0x12B)
[1115/215533.737:ERROR:process_reader_win.cc(242)] ReadMemory at 0x7ff29b1fa9b of 512 bytes failed: Запрос ReadProcessMemory или WriteProcessMemory был выполнен только частично. (0x12B)
[1115/215533.737:ERROR:process_reader_win.cc(242)] ReadMemory at 0x7ff29b362a6 of 512 bytes failed: Запрос ReadProcessMemory или WriteProcessMemory был выполнен только частично. (0x12B)
[1115/215533.737:ERROR:process_reader_win.cc(242)] ReadMemory at 0x7ff40f00000 of 384 bytes failed: Запрос ReadProcessMemory или WriteProcessMemory был выполнен только частично. (0x12B)
[1115/215533.737:ERROR:process_reader_win.cc(242)] ReadMemory at 0x7ff40f02b6a of 592 bytes failed: Запрос ReadProcessMemory или WriteProcessMemory был выполнен только частично. (0x12B)
[1115/215533.737:ERROR:process_reader_win.cc(242)] ReadMemory at 0x7ff40f030db of 512 bytes failed: Запрос ReadProcessMemory или WriteProcessMemory был выполнен только частично. (0x12B)
[1115/215533.737:ERROR:process_reader_win.cc(242)] ReadMemory at 0x7ff40f045ab of 576 bytes failed: Запрос ReadProcessMemory или WriteProcessMemory был выполнен только частично. (0x12B)
[1115/215533.737:ERROR:process_reader_win.cc(242)] ReadMemory at 0x7ff40f053c0 of 512 bytes failed: Запрос ReadProcessMemory или WriteProcessMemory был выполнен только частично. (0x12B)
[1115/215533.737:ERROR:process_reader_win.cc(242)] ReadMemory at 0x7ff40f6a558 of 18 bytes failed: Запрос ReadProcessMemory или WriteProcessMemory был выполнен только частично. (0x12B)
[1115/215533.737:ERROR:process_reader_win.cc(242)] ReadMemory at 0x7ff41036100 of 40 bytes failed: Запрос ReadProcessMemory или WriteProcessMemory был выполнен только частично. (0x12B)
[1115/215533.737:ERROR:process_reader_win.cc(242)] ReadMemory at 0x7ff410368c0 of 64 bytes failed: Запрос ReadProcessMemory или WriteProcessMemory был выполнен только частично. (0x12B)
[1115/215533.737:ERROR:process_reader_win.cc(242)] ReadMemory at 0x7ff4103c0e0 of 48 bytes failed: Запрос ReadProcessMemory или WriteProcessMemory был выполнен только частично. (0x12B)
[1115/215533.782:ERROR:scoped_process_suspend.cc(40)] NtResumeProcess: Попытка доступа к процессу, выполняющему процедуру завершения. (0xc000010a)
